<?xml version="1.0" encoding="UTF-8"?><testsuite errors="1" failures="0" name="Utest Platafor" skipped="0" tests="1" time="23.56" timestamp="2020-11-30 02:30:11"><testcase name="Plataform registration"><error message="Could not instantiate class org.openqa.selenium.chrome.ChromeDriver" type="net.thucydides.core.webdriver.DriverConfigurationError">Could not instantiate class org.openqa.selenium.chrome.ChromeDriver</error><system-err>Could not instantiate class org.openqa.selenium.chrome.ChromeDriver&#13;
co.com.choucair.certification.automatizacionUtest.tasks.OpenUpPage.performAs(OpenUp.java:20)&#13;
co.com.choucair.certification.automatizacionUtest.stepdefinitions.RegistrationUtestDefinitions.thanMariaWantsTegisterOnTheUtestPlataform(RegistrationUtestDefinitions.java:21)&#13;
cucumber.runner.Runner.runPickle(Runner.java:80)&#13;
</system-err></testcase></testsuite>